[    78.488] (--) Log file renamed from "/home/nic-cert/.local/share/xorg/Xorg.pid-1486.log" to "/home/nic-cert/.local/share/xorg/Xorg.0.log"
[    78.489] 
X.Org X Server 1.19.6
Release Date: 2017-12-20
[    78.489] X Protocol Version 11, Revision 0
[    78.489] Build Operating System: Linux 4.4.0-148-generic x86_64 Ubuntu
[    78.489] Current Operating System: Linux nicc-ert 4.15.0-54-generic #58-Ubuntu SMP Mon Jun 24 10:55:24 UTC 2019 x86_64
[    78.489] Kernel command line: BOOT_IMAGE=/boot/vmlinuz-4.15.0-54-generic root=UUID=6728c493-c7ad-4a44-a8d1-0c427a0be23b ro quiet splash vt.handoff=1
[    78.489] Build Date: 03 June 2019  08:10:35AM
[    78.489] xorg-server 2:1.19.6-1ubuntu4.3 (For technical support please see http://www.ubuntu.com/support) 
[    78.489] Current version of pixman: 0.34.0
[    78.489] 	Before reporting problems, check http://wiki.x.org
	to make sure that you have the latest version.
[    78.489] Markers: (--) probed, (**) from config file, (==) default setting,
	(++) from command line, (!!) notice, (II) informational,
	(WW) warning, (EE) error, (NI) not implemented, (??) unknown.
[    78.490] (==) Log file: "/home/nic-cert/.local/share/xorg/Xorg.0.log", Time: Mon Jul 15 15:59:00 2019
[    78.543] (==) Using system config directory "/usr/share/X11/xorg.conf.d"
[    78.597] (==) No Layout section.  Using the first Screen section.
[    78.597] (==) No screen section available. Using defaults.
[    78.597] (**) |-->Screen "Default Screen Section" (0)
[    78.597] (**) |   |-->Monitor "<default monitor>"
[    78.613] (==) No monitor specified for screen "Default Screen Section".
	Using a default monitor configuration.
[    78.613] (==) Automatically adding devices
[    78.613] (==) Automatically enabling devices
[    78.613] (==) Automatically adding GPU devices
[    78.613] (==) Automatically binding GPU devices
[    78.613] (==) Max clients allowed: 256, resource mask: 0x1fffff
[    78.614] (WW) The directory "/usr/share/fonts/X11/cyrillic" does not exist.
[    78.614] 	Entry deleted from font path.
[    78.614] (WW) The directory "/usr/share/fonts/X11/100dpi/" does not exist.
[    78.614] 	Entry deleted from font path.
[    78.614] (WW) The directory "/usr/share/fonts/X11/75dpi/" does not exist.
[    78.614] 	Entry deleted from font path.
[    78.614] (WW) The directory "/usr/share/fonts/X11/100dpi" does not exist.
[    78.614] 	Entry deleted from font path.
[    78.614] (WW) The directory "/usr/share/fonts/X11/75dpi" does not exist.
[    78.614] 	Entry deleted from font path.
[    78.614] (==) FontPath set to:
	/usr/share/fonts/X11/misc,
	/usr/share/fonts/X11/Type1,
	built-ins
[    78.614] (==) ModulePath set to "/usr/lib/xorg/modules"
[    78.614] (II) The server relies on udev to provide the list of input devices.
	If no devices become available, reconfigure udev or disable AutoAddDevices.
[    78.625] (II) Loader magic: 0x564f588ec020
[    78.625] (II) Module ABI versions:
[    78.625] 	X.Org ANSI C Emulation: 0.4
[    78.625] 	X.Org Video Driver: 23.0
[    78.625] 	X.Org XInput driver : 24.1
[    78.625] 	X.Org Server Extension : 10.0
[    78.627] (++) using VT number 2

[    78.633] (II) systemd-logind: took control of session /org/freedesktop/login1/session/_32
[    78.635] (II) xfree86: Adding drm device (/dev/dri/card0)
[    78.637] (II) systemd-logind: got fd for /dev/dri/card0 226:0 fd 12 paused 0
[    78.638] (--) PCI:*(0:0:2:0) 8086:5912:103c:82b5 rev 4, Mem @ 0x1ff0000000/16777216, 0x1fe0000000/268435456, I/O @ 0x00003000/64, BIOS @ 0x????????/131072
[    78.638] (II) LoadModule: "glx"
[    78.648] (II) Loading /usr/lib/xorg/modules/extensions/libglx.so
[    78.657] (II) Module glx: vendor="X.Org Foundation"
[    78.657] 	compiled for 1.19.6, module version = 1.0.0
[    78.657] 	ABI class: X.Org Server Extension, version 10.0
[    78.657] (==) Matched modesetting as autoconfigured driver 0
[    78.657] (==) Matched fbdev as autoconfigured driver 1
[    78.657] (==) Matched vesa as autoconfigured driver 2
[    78.657] (==) Assigned the driver to the xf86ConfigLayout
[    78.657] (II) LoadModule: "modesetting"
[    78.657] (II) Loading /usr/lib/xorg/modules/drivers/modesetting_drv.so
[    78.691] (II) Module modesetting: vendor="X.Org Foundation"
[    78.691] 	compiled for 1.19.6, module version = 1.19.6
[    78.691] 	Module class: X.Org Video Driver
[    78.691] 	ABI class: X.Org Video Driver, version 23.0
[    78.691] (II) LoadModule: "fbdev"
[    78.691] (II) Loading /usr/lib/xorg/modules/drivers/fbdev_drv.so
[    78.698] (II) Module fbdev: vendor="X.Org Foundation"
[    78.698] 	compiled for 1.19.3, module version = 0.4.4
[    78.698] 	Module class: X.Org Video Driver
[    78.698] 	ABI class: X.Org Video Driver, version 23.0
[    78.698] (II) LoadModule: "vesa"
[    78.698] (II) Loading /usr/lib/xorg/modules/drivers/vesa_drv.so
[    78.705] (II) Module vesa: vendor="X.Org Foundation"
[    78.705] 	compiled for 1.19.3, module version = 2.3.4
[    78.705] 	Module class: X.Org Video Driver
[    78.705] 	ABI class: X.Org Video Driver, version 23.0
[    78.705] (II) modesetting: Driver for Modesetting Kernel Drivers: kms
[    78.705] (II) FBDEV: driver for framebuffer: fbdev
[    78.705] (II) VESA: driver for VESA chipsets: vesa
[    78.705] xf86EnableIOPorts: failed to set IOPL for I/O (Operation not permitted)
[    78.705] (II) modeset(0): using drv /dev/dri/card0
[    78.705] (WW) Falling back to old probe method for fbdev
[    78.705] (II) Loading sub module "fbdevhw"
[    78.705] (II) LoadModule: "fbdevhw"
[    78.706] (II) Loading /usr/lib/xorg/modules/libfbdevhw.so
[    78.716] (II) Module fbdevhw: vendor="X.Org Foundation"
[    78.716] 	compiled for 1.19.6, module version = 0.0.2
[    78.716] 	ABI class: X.Org Video Driver, version 23.0
[    78.716] (EE) open /dev/fb0: Permission denied
[    78.716] (WW) Falling back to old probe method for vesa
[    78.716] (WW) VGA arbiter: cannot open kernel arbiter, no multi-card support
[    78.716] (II) modeset(0): Creating default Display subsection in Screen section
	"Default Screen Section" for depth/fbbpp 24/32
[    78.716] (==) modeset(0): Depth 24, (==) framebuffer bpp 32
[    78.716] (==) modeset(0): RGB weight 888
[    78.716] (==) modeset(0): Default visual is TrueColor
[    78.716] (II) Loading sub module "glamoregl"
[    78.716] (II) LoadModule: "glamoregl"
[    78.716] (II) Loading /usr/lib/xorg/modules/libglamoregl.so
[    78.748] (II) Module glamoregl: vendor="X.Org Foundation"
[    78.748] 	compiled for 1.19.6, module version = 1.0.0
[    78.748] 	ABI class: X.Org ANSI C Emulation, version 0.4
[    78.748] (II) glamor: OpenGL accelerated X.org driver based.
[    78.787] (II) glamor: EGL version 1.4:
[    78.793] (II) modeset(0): glamor initialized
[    78.796] (II) modeset(0): Output eDP-1 has no monitor section
[    78.797] (II) modeset(0): Output DP-1 has no monitor section
[    78.808] (II) modeset(0): Output HDMI-1 has no monitor section
[    78.811] (II) modeset(0): EDID for output eDP-1
[    78.811] (II) modeset(0): Printing probed modes for output eDP-1
[    78.811] (II) modeset(0): Modeline "1920x1080"x60.6  144.96  1920 1968 2000 2176  1080 1088 1092 1100 -hsync -vsync (66.6 kHz P)
[    78.811] (II) modeset(0): Modeline "1920x1080"x120.0  356.38  1920 2080 2288 2656  1080 1081 1084 1118 doublescan -hsync +vsync (134.2 kHz d)
[    78.811] (II) modeset(0): Modeline "1920x1080"x119.9  266.50  1920 1944 1960 2000  1080 1081 1084 1111 doublescan +hsync -vsync (133.2 kHz d)
[    78.811] (II) modeset(0): Modeline "1920x1080"x60.0  173.00  1920 2048 2248 2576  1080 1083 1088 1120 -hsync +vsync (67.2 kHz d)
[    78.811] (II) modeset(0): Modeline "1920x1080"x59.9  138.50  1920 1968 2000 2080  1080 1083 1088 1111 +hsync -vsync (66.6 kHz d)
[    78.811] (II) modeset(0): Modeline "1680x1050"x60.0  146.25  1680 1784 1960 2240  1050 1053 1059 1089 -hsync +vsync (65.3 kHz d)
[    78.811] (II) modeset(0): Modeline "1680x1050"x59.9  119.00  1680 1728 1760 1840  1050 1053 1059 1080 +hsync -vsync (64.7 kHz d)
[    78.811] (II) modeset(0): Modeline "1600x1024"x60.2  103.12  1600 1600 1656 1664  1024 1024 1029 1030 +hsync +vsync (62.0 kHz d)
[    78.811] (II) modeset(0): Modeline "1400x1050"x60.0  122.00  1400 1488 1640 1880  1050 1052 1064 1082 +hsync +vsync (64.9 kHz d)
[    78.811] (II) modeset(0): Modeline "1600x900"x120.0  246.00  1600 1728 1900 2200  900 901 904 932 doublescan -hsync +vsync (111.8 kHz d)
[    78.811] (II) modeset(0): Modeline "1600x900"x119.9  186.50  1600 1624 1640 1680  900 901 904 926 doublescan +hsync -vsync (111.0 kHz d)
[    78.811] (II) modeset(0): Modeline "1600x900"x59.9  118.25  1600 1696 1856 2112  900 903 908 934 -hsync +vsync (56.0 kHz d)
[    78.811] (II) modeset(0): Modeline "1600x900"x59.8   97.50  1600 1648 1680 1760  900 903 908 926 +hsync -vsync (55.4 kHz d)
[    78.811] (II) modeset(0): Modeline "1280x1024"x60.0  108.00  1280 1328 1440 1688  1024 1025 1028 1066 +hsync +vsync (64.0 kHz d)
[    78.811] (II) modeset(0): Modeline "1440x900"x59.9  106.50  1440 1520 1672 1904  900 903 909 934 -hsync +vsync (55.9 kHz d)
[    78.811] (II) modeset(0): Modeline "1400x900"x60.0  103.50  1400 1480 1624 1848  900 903 913 934 -hsync +vsync (56.0 kHz d)
[    78.811] (II) modeset(0): Modeline "1400x900"x59.9   86.50  1400 1448 1480 1560  900 903 913 926 +hsync -vsync (55.4 kHz d)
[    78.811] (II) modeset(0): Modeline "1280x960"x60.0  108.00  1280 1376 1488 1800  960 961 964 1000 +hsync +vsync (60.0 kHz d)
[    78.811] (II) modeset(0): Modeline "1440x810"x120.0  198.12  1440 1548 1704 1968  810 811 814 839 doublescan -hsync +vsync (100.7 kHz d)
[    78.811] (II) modeset(0): Modeline "1440x810"x119.9  151.88  1440 1464 1480 1520  810 811 814 833 doublescan +hsync -vsync (99.9 kHz d)
[    78.811] (II) modeset(0): Modeline "1368x768"x59.9   85.25  1368 1440 1576 1784  768 771 781 798 -hsync +vsync (47.8 kHz d)
[    78.811] (II) modeset(0): Modeline "1368x768"x59.9   72.25  1368 1416 1448 1528  768 771 781 790 +hsync -vsync (47.3 kHz d)
[    78.811] (II) modeset(0): Modeline "1360x768"x59.8   84.75  1360 1432 1568 1776  768 771 781 798 -hsync +vsync (47.7 kHz d)
[    78.811] (II) modeset(0): Modeline "1360x768"x60.0   72.00  1360 1408 1440 1520  768 771 781 790 +hsync -vsync (47.4 kHz d)
[    78.812] (II) modeset(0): Modeline "1280x800"x120.0  174.25  1280 1380 1516 1752  800 801 804 829 doublescan -hsync +vsync (99.5 kHz d)
[    78.812] (II) modeset(0): Modeline "1280x800"x119.9  134.25  1280 1304 1320 1360  800 801 804 823 doublescan +hsync -vsync (98.7 kHz d)
[    78.812] (II) modeset(0): Modeline "1280x800"x59.8   83.50  1280 1352 1480 1680  800 803 809 831 -hsync +vsync (49.7 kHz d)
[    78.812] (II) modeset(0): Modeline "1280x800"x59.9   71.00  1280 1328 1360 1440  800 803 809 823 +hsync -vsync (49.3 kHz d)
[    78.812] (II) modeset(0): Modeline "1152x864"x60.0   81.62  1152 1216 1336 1520  864 865 868 895 -hsync +vsync (53.7 kHz d)
[    78.812] (II) modeset(0): Modeline "1280x720"x120.0  156.12  1280 1376 1512 1744  720 721 724 746 doublescan -hsync +vsync (89.5 kHz d)
[    78.812] (II) modeset(0): Modeline "1280x720"x120.0  120.75  1280 1304 1320 1360  720 721 724 740 doublescan +hsync -vsync (88.8 kHz d)
[    78.812] (II) modeset(0): Modeline "1280x720"x59.9   74.50  1280 1344 1472 1664  720 723 728 748 -hsync +vsync (44.8 kHz d)
[    78.812] (II) modeset(0): Modeline "1280x720"x59.7   63.75  1280 1328 1360 1440  720 723 728 741 +hsync -vsync (44.3 kHz d)
[    78.812] (II) modeset(0): Modeline "1024x768"x120.1  133.47  1024 1100 1212 1400  768 768 770 794 doublescan -hsync +vsync (95.3 kHz d)
[    78.812] (II) modeset(0): Modeline "1024x768"x60.0   65.00  1024 1048 1184 1344  768 771 777 806 -hsync -vsync (48.4 kHz d)
[    78.812] (II) modeset(0): Modeline "960x720"x120.0  117.00  960 1024 1128 1300  720 720 722 750 doublescan -hsync +vsync (90.0 kHz d)
[    78.812] (II) modeset(0): Modeline "928x696"x120.1  109.15  928 976 1088 1264  696 696 698 719 doublescan -hsync +vsync (86.4 kHz d)
[    78.812] (II) modeset(0): Modeline "896x672"x120.0  102.40  896 960 1060 1224  672 672 674 697 doublescan -hsync +vsync (83.7 kHz d)
[    78.812] (II) modeset(0): Modeline "1024x576"x119.9   98.50  1024 1092 1200 1376  576 577 580 597 doublescan -hsync +vsync (71.6 kHz d)
[    78.812] (II) modeset(0): Modeline "1024x576"x119.9   78.38  1024 1048 1064 1104  576 577 580 592 doublescan +hsync -vsync (71.0 kHz d)
[    78.812] (II) modeset(0): Modeline "1024x576"x59.9   46.50  1024 1064 1160 1296  576 579 584 599 -hsync +vsync (35.9 kHz d)
[    78.812] (II) modeset(0): Modeline "1024x576"x59.8   42.00  1024 1072 1104 1184  576 579 584 593 +hsync -vsync (35.5 kHz d)
[    78.812] (II) modeset(0): Modeline "960x600"x119.9   96.62  960 1028 1128 1296  600 601 604 622 doublescan -hsync +vsync (74.6 kHz d)
[    78.812] (II) modeset(0): Modeline "960x600"x120.0   77.00  960 984 1000 1040  600 601 604 617 doublescan +hsync -vsync (74.0 kHz d)
[    78.812] (II) modeset(0): Modeline "960x540"x119.9   86.50  960 1024 1124 1288  540 541 544 560 doublescan -hsync +vsync (67.2 kHz d)
[    78.812] (II) modeset(0): Modeline "960x540"x120.0   69.25  960 984 1000 1040  540 541 544 555 doublescan +hsync -vsync (66.6 kHz d)
[    78.812] (II) modeset(0): Modeline "960x540"x59.6   40.75  960 992 1088 1216  540 543 548 562 -hsync +vsync (33.5 kHz d)
[    78.812] (II) modeset(0): Modeline "960x540"x59.8   37.25  960 1008 1040 1120  540 543 548 556 +hsync -vsync (33.3 kHz d)
[    78.812] (II) modeset(0): Modeline "800x600"x120.0   81.00  800 832 928 1080  600 600 602 625 doublescan +hsync +vsync (75.0 kHz d)
[    78.812] (II) modeset(0): Modeline "800x600"x60.3   40.00  800 840 968 1056  600 601 605 628 +hsync +vsync (37.9 kHz d)
[    78.812] (II) modeset(0): Modeline "800x600"x56.2   36.00  800 824 896 1024  600 601 603 625 +hsync +vsync (35.2 kHz d)
[    78.812] (II) modeset(0): Modeline "840x525"x120.0   73.12  840 892 980 1120  525 526 529 544 doublescan -hsync +vsync (65.3 kHz d)
[    78.812] (II) modeset(0): Modeline "840x525"x119.8   59.50  840 864 880 920  525 526 529 540 doublescan +hsync -vsync (64.7 kHz d)
[    78.812] (II) modeset(0): Modeline "864x486"x59.9   32.50  864 888 968 1072  486 489 494 506 -hsync +vsync (30.3 kHz d)
[    78.812] (II) modeset(0): Modeline "864x486"x59.6   30.50  864 912 944 1024  486 489 494 500 +hsync -vsync (29.8 kHz d)
[    78.812] (II) modeset(0): Modeline "800x512"x120.3   51.56  800 800 828 832  512 512 514 515 doublescan +hsync +vsync (62.0 kHz d)
[    78.812] (II) modeset(0): Modeline "700x525"x120.0   61.00  700 744 820 940  525 526 532 541 doublescan +hsync +vsync (64.9 kHz d)
[    78.812] (II) modeset(0): Modeline "800x450"x119.9   59.12  800 848 928 1056  450 451 454 467 doublescan -hsync +vsync (56.0 kHz d)
[    78.812] (II) modeset(0): Modeline "800x450"x119.6   48.75  800 824 840 880  450 451 454 463 doublescan +hsync -vsync (55.4 kHz d)
[    78.812] (II) modeset(0): Modeline "640x512"x120.0   54.00  640 664 720 844  512 512 514 533 doublescan +hsync +vsync (64.0 kHz d)
[    78.812] (II) modeset(0): Modeline "720x450"x119.8   53.25  720 760 836 952  450 451 454 467 doublescan -hsync +vsync (55.9 kHz d)
[    78.812] (II) modeset(0): Modeline "700x450"x119.9   51.75  700 740 812 924  450 451 456 467 doublescan -hsync +vsync (56.0 kHz d)
[    78.812] (II) modeset(0): Modeline "700x450"x119.8   43.25  700 724 740 780  450 451 456 463 doublescan +hsync -vsync (55.4 kHz d)
[    78.812] (II) modeset(0): Modeline "640x480"x120.0   54.00  640 688 744 900  480 480 482 500 doublescan +hsync +vsync (60.0 kHz d)
[    78.812] (II) modeset(0): Modeline "640x480"x59.9   25.18  640 656 752 800  480 490 492 525 -hsync -vsync (31.5 kHz d)
[    78.812] (II) modeset(0): Modeline "720x405"x59.5   22.50  720 744 808 896  405 408 413 422 -hsync +vsync (25.1 kHz d)
[    78.812] (II) modeset(0): Modeline "720x405"x59.0   21.75  720 768 800 880  405 408 413 419 +hsync -vsync (24.7 kHz d)
[    78.812] (II) modeset(0): Modeline "684x384"x119.8   42.62  684 720 788 892  384 385 390 399 doublescan -hsync +vsync (47.8 kHz d)
[    78.812] (II) modeset(0): Modeline "684x384"x119.7   36.12  684 708 724 764  384 385 390 395 doublescan +hsync -vsync (47.3 kHz d)
[    78.812] (II) modeset(0): Modeline "680x384"x119.6   42.38  680 716 784 888  384 385 390 399 doublescan -hsync +vsync (47.7 kHz d)
[    78.812] (II) modeset(0): Modeline "680x384"x119.9   36.00  680 704 720 760  384 385 390 395 doublescan +hsync -vsync (47.4 kHz d)
[    78.812] (II) modeset(0): Modeline "640x400"x119.8   41.75  640 676 740 840  400 401 404 415 doublescan -hsync +vsync (49.7 kHz d)
[    78.812] (II) modeset(0): Modeline "640x400"x120.0   35.50  640 664 680 720  400 401 404 411 doublescan +hsync -vsync (49.3 kHz d)
[    78.812] (II) modeset(0): Modeline "576x432"x120.1   40.81  576 608 668 760  432 432 434 447 doublescan -hsync +vsync (53.7 kHz d)
[    78.812] (II) modeset(0): Modeline "640x360"x119.7   37.25  640 672 736 832  360 361 364 374 doublescan -hsync +vsync (44.8 kHz d)
[    78.812] (II) modeset(0): Modeline "640x360"x119.7   31.88  640 664 680 720  360 361 364 370 doublescan +hsync -vsync (44.3 kHz d)
[    78.812] (II) modeset(0): Modeline "640x360"x59.8   18.00  640 664 720 800  360 363 368 376 -hsync +vsync (22.5 kHz d)
[    78.812] (II) modeset(0): Modeline "640x360"x59.3   17.75  640 688 720 800  360 363 368 374 +hsync -vsync (22.2 kHz d)
[    78.812] (II) modeset(0): Modeline "512x384"x120.0   32.50  512 524 592 672  384 385 388 403 doublescan -hsync -vsync (48.4 kHz d)
[    78.812] (II) modeset(0): Modeline "512x288"x120.0   23.25  512 532 580 648  288 289 292 299 doublescan -hsync +vsync (35.9 kHz d)
[    78.812] (II) modeset(0): Modeline "512x288"x119.8   21.00  512 536 552 592  288 289 292 296 doublescan +hsync -vsync (35.5 kHz d)
[    78.812] (II) modeset(0): Modeline "480x270"x119.3   20.38  480 496 544 608  270 271 274 281 doublescan -hsync +vsync (33.5 kHz d)
[    78.812] (II) modeset(0): Modeline "480x270"x119.6   18.62  480 504 520 560  270 271 274 278 doublescan +hsync -vsync (33.3 kHz d)
[    78.812] (II) modeset(0): Modeline "400x300"x120.6   20.00  400 420 484 528  300 300 302 314 doublescan +hsync +vsync (37.9 kHz d)
[    78.812] (II) modeset(0): Modeline "400x300"x112.7   18.00  400 412 448 512  300 300 301 312 doublescan +hsync +vsync (35.2 kHz d)
[    78.812] (II) modeset(0): Modeline "432x243"x119.8   16.25  432 444 484 536  243 244 247 253 doublescan -hsync +vsync (30.3 kHz d)
[    78.812] (II) modeset(0): Modeline "432x243"x119.1   15.25  432 456 472 512  243 244 247 250 doublescan +hsync -vsync (29.8 kHz d)
[    78.812] (II) modeset(0): Modeline "320x240"x120.1   12.59  320 328 376 400  240 245 246 262 doublescan -hsync -vsync (31.5 kHz d)
[    78.813] (II) modeset(0): Modeline "360x202"x119.0   11.25  360 372 404 448  202 204 206 211 doublescan -hsync +vsync (25.1 kHz d)
[    78.813] (II) modeset(0): Modeline "360x202"x118.3   10.88  360 384 400 440  202 204 206 209 doublescan +hsync -vsync (24.7 kHz d)
[    78.813] (II) modeset(0): Modeline "320x180"x119.7    9.00  320 332 360 400  180 181 184 188 doublescan -hsync +vsync (22.5 kHz d)
[    78.813] (II) modeset(0): Modeline "320x180"x118.6    8.88  320 344 360 400  180 181 184 187 doublescan +hsync -vsync (22.2 kHz d)
[    78.813] (II) modeset(0): EDID for output DP-1
[    78.824] (II) modeset(0): EDID for output HDMI-1
[    78.824] (II) modeset(0): Output eDP-1 connected
[    78.824] (II) modeset(0): Output DP-1 disconnected
[    78.824] (II) modeset(0): Output HDMI-1 disconnected
[    78.824] (II) modeset(0): Using exact sizes for initial modes
[    78.824] (II) modeset(0): Output eDP-1 using initial mode 1920x1080 +0+0
[    78.824] (==) modeset(0): Using gamma correction (1.0, 1.0, 1.0)
[    78.824] (==) modeset(0): DPI set to (96, 96)
[    78.824] (II) Loading sub module "fb"
[    78.824] (II) LoadModule: "fb"
[    78.824] (II) Loading /usr/lib/xorg/modules/libfb.so
[    78.824] (II) Module fb: vendor="X.Org Foundation"
[    78.824] 	compiled for 1.19.6, module version = 1.0.0
[    78.825] 	ABI class: X.Org ANSI C Emulation, version 0.4
[    78.825] (II) UnloadModule: "fbdev"
[    78.825] (II) Unloading fbdev
[    78.825] (II) UnloadSubModule: "fbdevhw"
[    78.825] (II) Unloading fbdevhw
[    78.825] (II) UnloadModule: "vesa"
[    78.825] (II) Unloading vesa
[    78.825] (==) Depth 24 pixmap format is 32 bpp
[    79.231] (==) modeset(0): Backing store enabled
[    79.231] (==) modeset(0): Silken mouse enabled
[    79.250] (II) modeset(0): RandR 1.2 enabled, ignore the following RandR disabled message.
[    79.302] (==) modeset(0): DPMS enabled
[    79.302] (II) modeset(0): [DRI2] Setup complete
[    79.302] (II) modeset(0): [DRI2]   DRI driver: i965
[    79.302] (II) modeset(0): [DRI2]   VDPAU driver: i965
[    79.302] (--) RandR disabled
[    79.383] (II) SELinux: Disabled on system
[    79.400] (II) AIGLX: enabled GLX_MESA_copy_sub_buffer
[    79.400] (II) AIGLX: enabled GLX_ARB_create_context
[    79.400] (II) AIGLX: enabled GLX_ARB_create_context_profile
[    79.400] (II) AIGLX: enabled GLX_EXT_create_context_es{,2}_profile
[    79.400] (II) AIGLX: enabled GLX_INTEL_swap_event
[    79.400] (II) AIGLX: enabled GLX_SGI_swap_control
[    79.400] (II) AIGLX: enabled GLX_EXT_framebuffer_sRGB
[    79.400] (II) AIGLX: enabled GLX_ARB_fbconfig_float
[    79.400] (II) AIGLX: enabled GLX_EXT_fbconfig_packed_float
[    79.400] (II) AIGLX: GLX_EXT_texture_from_pixmap backed by buffer objects
[    79.400] (II) AIGLX: enabled GLX_ARB_create_context_robustness
[    79.400] (II) AIGLX: Loaded and initialized i965
[    79.400] (II) GLX: Initialized DRI2 GL provider for screen 0
[    79.408] (II) modeset(0): Damage tracking initialized
[    79.408] (II) modeset(0): Setting screen physical size to 508 x 285
[    79.490] (II) config/udev: Adding input device Power Button (/dev/input/event2)
[    79.490] (**) Power Button: Applying InputClass "libinput keyboard catchall"
[    79.490] (II) LoadModule: "libinput"
[    79.491] (II) Loading /usr/lib/xorg/modules/input/libinput_drv.so
[    79.504] (II) Module libinput: vendor="X.Org Foundation"
[    79.504] 	compiled for 1.19.6, module version = 0.27.1
[    79.504] 	Module class: X.Org XInput Driver
[    79.504] 	ABI class: X.Org XInput driver, version 24.1
[    79.504] (II) Using input driver 'libinput' for 'Power Button'
[    79.505] (II) systemd-logind: got fd for /dev/input/event2 13:66 fd 21 paused 0
[    79.505] (**) Power Button: always reports core events
[    79.505] (**) Option "Device" "/dev/input/event2"
[    79.505] (**) Option "_source" "server/udev"
[    79.505] (II) event2  - Power Button: is tagged by udev as: Keyboard
[    79.505] (II) event2  - Power Button: device is a keyboard
[    79.505] (II) event2  - Power Button: device removed
[    79.505] (**) Option "config_info" "udev:/sys/devices/LNXSYSTM:00/LNXPWRBN:00/input/input2/event2"
[    79.505] (II) XINPUT: Adding extended input device "Power Button" (type: KEYBOARD, id 6)
[    79.505] (**) Option "xkb_model" "pc105"
[    79.505] (**) Option "xkb_layout" "us"
[    79.506] (II) event2  - Power Button: is tagged by udev as: Keyboard
[    79.506] (II) event2  - Power Button: device is a keyboard
[    79.506] (II) config/udev: Adding input device Video Bus (/dev/input/event6)
[    79.506] (**) Video Bus: Applying InputClass "libinput keyboard catchall"
[    79.506] (II) Using input driver 'libinput' for 'Video Bus'
[    79.507] (II) systemd-logind: got fd for /dev/input/event6 13:70 fd 24 paused 0
[    79.507] (**) Video Bus: always reports core events
[    79.507] (**) Option "Device" "/dev/input/event6"
[    79.507] (**) Option "_source" "server/udev"
[    79.508] (II) event6  - Video Bus: is tagged by udev as: Keyboard
[    79.508] (II) event6  - Video Bus: device is a keyboard
[    79.508] (II) event6  - Video Bus: device removed
[    79.508] (**) Option "config_info" "udev:/sys/devices/LNXSYSTM:00/LNXSYBUS:00/PNP0A08:00/LNXVIDEO:00/input/input9/event6"
[    79.508] (II) XINPUT: Adding extended input device "Video Bus" (type: KEYBOARD, id 7)
[    79.508] (**) Option "xkb_model" "pc105"
[    79.508] (**) Option "xkb_layout" "us"
[    79.508] (II) event6  - Video Bus: is tagged by udev as: Keyboard
[    79.508] (II) event6  - Video Bus: device is a keyboard
[    79.508] (II) config/udev: Adding input device Power Button (/dev/input/event1)
[    79.508] (**) Power Button: Applying InputClass "libinput keyboard catchall"
[    79.508] (II) Using input driver 'libinput' for 'Power Button'
[    79.509] (II) systemd-logind: got fd for /dev/input/event1 13:65 fd 25 paused 0
[    79.509] (**) Power Button: always reports core events
[    79.509] (**) Option "Device" "/dev/input/event1"
[    79.509] (**) Option "_source" "server/udev"
[    79.509] (II) event1  - Power Button: is tagged by udev as: Keyboard
[    79.509] (II) event1  - Power Button: device is a keyboard
[    79.509] (II) event1  - Power Button: device removed
[    79.509] (**) Option "config_info" "udev:/sys/devices/LNXSYSTM:00/LNXSYBUS:00/PNP0C0C:00/input/input1/event1"
[    79.509] (II) XINPUT: Adding extended input device "Power Button" (type: KEYBOARD, id 8)
[    79.509] (**) Option "xkb_model" "pc105"
[    79.509] (**) Option "xkb_layout" "us"
[    79.510] (II) event1  - Power Button: is tagged by udev as: Keyboard
[    79.510] (II) event1  - Power Button: device is a keyboard
[    79.510] (II) config/udev: Adding input device Sleep Button (/dev/input/event0)
[    79.510] (**) Sleep Button: Applying InputClass "libinput keyboard catchall"
[    79.510] (II) Using input driver 'libinput' for 'Sleep Button'
[    79.510] (II) systemd-logind: got fd for /dev/input/event0 13:64 fd 26 paused 0
[    79.510] (**) Sleep Button: always reports core events
[    79.510] (**) Option "Device" "/dev/input/event0"
[    79.510] (**) Option "_source" "server/udev"
[    79.511] (II) event0  - Sleep Button: is tagged by udev as: Keyboard
[    79.511] (II) event0  - Sleep Button: device is a keyboard
[    79.511] (II) event0  - Sleep Button: device removed
[    79.511] (**) Option "config_info" "udev:/sys/devices/LNXSYSTM:00/LNXSYBUS:00/PNP0C0E:00/input/input0/event0"
[    79.511] (II) XINPUT: Adding extended input device "Sleep Button" (type: KEYBOARD, id 9)
[    79.511] (**) Option "xkb_model" "pc105"
[    79.511] (**) Option "xkb_layout" "us"
[    79.511] (II) event0  - Sleep Button: is tagged by udev as: Keyboard
[    79.511] (II) event0  - Sleep Button: device is a keyboard
[    79.511] (II) config/udev: Adding input device HP High Definition 1MP Webcam:  (/dev/input/event7)
[    79.511] (**) HP High Definition 1MP Webcam: : Applying InputClass "libinput keyboard catchall"
[    79.511] (II) Using input driver 'libinput' for 'HP High Definition 1MP Webcam: '
[    79.512] (II) systemd-logind: got fd for /dev/input/event7 13:71 fd 27 paused 0
[    79.512] (**) HP High Definition 1MP Webcam: : always reports core events
[    79.512] (**) Option "Device" "/dev/input/event7"
[    79.512] (**) Option "_source" "server/udev"
[    79.512] (II) event7  - HP High Definition 1MP Webcam: : is tagged by udev as: Keyboard
[    79.512] (II) event7  - HP High Definition 1MP Webcam: : device is a keyboard
[    79.512] (II) event7  - HP High Definition 1MP Webcam: : device removed
[    79.512] (**) Option "config_info" "udev:/sys/devices/pci0000:00/0000:00:14.0/usb1/1-13/1-13:1.0/input/input10/event7"
[    79.512] (II) XINPUT: Adding extended input device "HP High Definition 1MP Webcam: " (type: KEYBOARD, id 10)
[    79.512] (**) Option "xkb_model" "pc105"
[    79.512] (**) Option "xkb_layout" "us"
[    79.513] (II) event7  - HP High Definition 1MP Webcam: : is tagged by udev as: Keyboard
[    79.513] (II) event7  - HP High Definition 1MP Webcam: : device is a keyboard
[    79.513] (II) config/udev: Adding input device Chicony  USB Keyboard (/dev/input/event3)
[    79.513] (**) Chicony  USB Keyboard: Applying InputClass "libinput keyboard catchall"
[    79.513] (II) Using input driver 'libinput' for 'Chicony  USB Keyboard'
[    79.514] (II) systemd-logind: got fd for /dev/input/event3 13:67 fd 28 paused 0
[    79.514] (**) Chicony  USB Keyboard: always reports core events
[    79.514] (**) Option "Device" "/dev/input/event3"
[    79.514] (**) Option "_source" "server/udev"
[    79.514] (II) event3  - Chicony  USB Keyboard: is tagged by udev as: Keyboard
[    79.514] (II) event3  - Chicony  USB Keyboard: device is a keyboard
[    79.514] (II) event3  - Chicony  USB Keyboard: device removed
[    79.514] (**) Option "config_info" "udev:/sys/devices/pci0000:00/0000:00:14.0/usb1/1-5/1-5:1.0/0003:04F2:1516.0001/input/input6/event3"
[    79.514] (II) XINPUT: Adding extended input device "Chicony  USB Keyboard" (type: KEYBOARD, id 11)
[    79.514] (**) Option "xkb_model" "pc105"
[    79.514] (**) Option "xkb_layout" "us"
[    79.514] (II) event3  - Chicony  USB Keyboard: is tagged by udev as: Keyboard
[    79.514] (II) event3  - Chicony  USB Keyboard: device is a keyboard
[    79.515] (II) config/udev: Adding input device Chicony  USB Keyboard (/dev/input/event4)
[    79.515] (**) Chicony  USB Keyboard: Applying InputClass "libinput keyboard catchall"
[    79.515] (II) Using input driver 'libinput' for 'Chicony  USB Keyboard'
[    79.515] (II) systemd-logind: got fd for /dev/input/event4 13:68 fd 29 paused 0
[    79.515] (**) Chicony  USB Keyboard: always reports core events
[    79.515] (**) Option "Device" "/dev/input/event4"
[    79.515] (**) Option "_source" "server/udev"
[    79.516] (II) event4  - Chicony  USB Keyboard: is tagged by udev as: Keyboard
[    79.516] (II) event4  - Chicony  USB Keyboard: device is a keyboard
[    79.516] (II) event4  - Chicony  USB Keyboard: device removed
[    79.516] (**) Option "config_info" "udev:/sys/devices/pci0000:00/0000:00:14.0/usb1/1-5/1-5:1.1/0003:04F2:1516.0002/input/input7/event4"
[    79.516] (II) XINPUT: Adding extended input device "Chicony  USB Keyboard" (type: KEYBOARD, id 12)
[    79.516] (**) Option "xkb_model" "pc105"
[    79.516] (**) Option "xkb_layout" "us"
[    79.516] (II) event4  - Chicony  USB Keyboard: is tagged by udev as: Keyboard
[    79.516] (II) event4  - Chicony  USB Keyboard: device is a keyboard
[    79.517] (II) config/udev: Adding input device PixArt HP USB Optical Mouse (/dev/input/event5)
[    79.517] (**) PixArt HP USB Optical Mouse: Applying InputClass "libinput pointer catchall"
[    79.517] (II) Using input driver 'libinput' for 'PixArt HP USB Optical Mouse'
[    79.576] (II) systemd-logind: got fd for /dev/input/event5 13:69 fd 30 paused 0
[    79.576] (**) PixArt HP USB Optical Mouse: always reports core events
[    79.576] (**) Option "Device" "/dev/input/event5"
[    79.576] (**) Option "_source" "server/udev"
[    79.577] (II) event5  - PixArt HP USB Optical Mouse: is tagged by udev as: Mouse
[    79.577] (II) event5  - PixArt HP USB Optical Mouse: device is a pointer
[    79.577] (II) event5  - PixArt HP USB Optical Mouse: device removed
[    79.577] (**) Option "config_info" "udev:/sys/devices/pci0000:00/0000:00:14.0/usb1/1-6/1-6:1.0/0003:03F0:1F4A.0003/input/input8/event5"
[    79.577] (II) XINPUT: Adding extended input device "PixArt HP USB Optical Mouse" (type: MOUSE, id 13)
[    79.577] (**) Option "AccelerationScheme" "none"
[    79.577] (**) PixArt HP USB Optical Mouse: (accel) selected scheme none/0
[    79.577] (**) PixArt HP USB Optical Mouse: (accel) acceleration factor: 2.000
[    79.577] (**) PixArt HP USB Optical Mouse: (accel) acceleration threshold: 4
[    79.577] (II) event5  - PixArt HP USB Optical Mouse: is tagged by udev as: Mouse
[    79.577] (II) event5  - PixArt HP USB Optical Mouse: device is a pointer
[    79.578] (II) config/udev: Adding input device PixArt HP USB Optical Mouse (/dev/input/mouse0)
[    79.578] (II) No input driver specified, ignoring this device.
[    79.578] (II) This device may have been added with another device file.
[    79.578] (II) config/udev: Adding input device HDA Intel PCH Mic (/dev/input/event9)
[    79.578] (II) No input driver specified, ignoring this device.
[    79.578] (II) This device may have been added with another device file.
[    79.578] (II) config/udev: Adding input device HDA Intel PCH Headphone (/dev/input/event10)
[    79.578] (II) No input driver specified, ignoring this device.
[    79.578] (II) This device may have been added with another device file.
[    79.579] (II) config/udev: Adding input device HDA Intel PCH HDMI/DP,pcm=3 (/dev/input/event11)
[    79.579] (II) No input driver specified, ignoring this device.
[    79.579] (II) This device may have been added with another device file.
[    79.579] (II) config/udev: Adding input device HDA Intel PCH HDMI/DP,pcm=7 (/dev/input/event12)
[    79.579] (II) No input driver specified, ignoring this device.
[    79.579] (II) This device may have been added with another device file.
[    79.579] (II) config/udev: Adding input device HDA Intel PCH HDMI/DP,pcm=8 (/dev/input/event13)
[    79.579] (II) No input driver specified, ignoring this device.
[    79.579] (II) This device may have been added with another device file.
[    79.579] (II) config/udev: Adding input device HDA Intel PCH HDMI/DP,pcm=9 (/dev/input/event14)
[    79.579] (II) No input driver specified, ignoring this device.
[    79.579] (II) This device may have been added with another device file.
[    79.579] (II) config/udev: Adding input device HDA Intel PCH HDMI/DP,pcm=10 (/dev/input/event15)
[    79.579] (II) No input driver specified, ignoring this device.
[    79.579] (II) This device may have been added with another device file.
[    79.581] (II) config/udev: Adding input device HP WMI hotkeys (/dev/input/event8)
[    79.581] (**) HP WMI hotkeys: Applying InputClass "libinput keyboard catchall"
[    79.581] (II) Using input driver 'libinput' for 'HP WMI hotkeys'
[    79.581] (II) systemd-logind: got fd for /dev/input/event8 13:72 fd 31 paused 0
[    79.581] (**) HP WMI hotkeys: always reports core events
[    79.581] (**) Option "Device" "/dev/input/event8"
[    79.581] (**) Option "_source" "server/udev"
[    79.582] (II) event8  - HP WMI hotkeys: is tagged by udev as: Keyboard Switch
[    79.582] (II) event8  - HP WMI hotkeys: device is a keyboard
[    79.582] (II) event8  - HP WMI hotkeys: device removed
[    79.582] (**) Option "config_info" "udev:/sys/devices/virtual/input/input11/event8"
[    79.582] (II) XINPUT: Adding extended input device "HP WMI hotkeys" (type: KEYBOARD, id 14)
[    79.582] (**) Option "xkb_model" "pc105"
[    79.582] (**) Option "xkb_layout" "us"
[    79.582] (II) event8  - HP WMI hotkeys: is tagged by udev as: Keyboard Switch
[    79.582] (II) event8  - HP WMI hotkeys: device is a keyboard
